2025-12-18 05:09:57,423 - main - INFO - Запуск приложения Work Chronometer
2025-12-18 05:09:57,447 - database.db_manager - INFO - База данных инициализирована
2025-12-18 05:09:58,173 - core.activity_monitor - INFO - Мониторинг активности запущен
2025-12-18 05:09:58,173 - core.break_manager - INFO - Менеджер перерывов запущен
2025-12-18 05:09:58,173 - core.tracker - INFO - Начата новая сессия: fd512be6-aca4-49d2-9768-51782db54595
2025-12-18 05:09:58,289 - main - INFO - Приложение успешно запущено
2025-12-18 05:10:28,088 - core.activity_monitor - INFO - Мониторинг активности остановлен
2025-12-18 05:10:28,088 - core.break_manager - INFO - Менеджер перерывов остановлен
2025-12-18 05:10:28,090 - core.tracker - INFO - Сессия завершена: fd512be6-aca4-49d2-9768-51782db54595
2025-12-18 05:11:09,932 - main - INFO - Запуск приложения Work Chronometer
2025-12-18 05:11:09,933 - database.db_manager - INFO - База данных инициализирована
2025-12-18 05:11:10,520 - core.activity_monitor - INFO - Мониторинг активности запущен
2025-12-18 05:11:10,520 - core.break_manager - INFO - Менеджер перерывов запущен
2025-12-18 05:11:10,520 - core.tracker - INFO - Начата новая сессия: e2aeabcd-85d5-46a4-8242-ae2e425fbedd
2025-12-18 05:11:10,600 - main - INFO - Приложение успешно запущено
2025-12-18 05:11:13,639 - utils.config - INFO - Настройки сохранены
2025-12-18 05:11:26,136 - core.activity_monitor - INFO - Мониторинг активности остановлен
2025-12-18 05:11:26,136 - core.break_manager - INFO - Менеджер перерывов остановлен
2025-12-18 05:11:26,136 - core.tracker - INFO - Сессия завершена: e2aeabcd-85d5-46a4-8242-ae2e425fbedd
2025-12-18 05:11:30,255 - main - INFO - Запуск приложения Work Chronometer
2025-12-18 05:11:30,256 - database.db_manager - INFO - База данных инициализирована
2025-12-18 05:11:30,806 - core.activity_monitor - INFO - Мониторинг активности запущен
2025-12-18 05:11:30,806 - core.break_manager - INFO - Менеджер перерывов запущен
2025-12-18 05:11:30,807 - core.tracker - INFO - Начата новая сессия: 977da6a6-cb88-4b5b-99a9-21a7b0c72888
2025-12-18 05:11:30,888 - main - INFO - Приложение успешно запущено
2025-12-18 05:12:07,294 - core.activity_monitor - INFO - Мониторинг активности остановлен
2025-12-18 05:12:07,294 - core.break_manager - INFO - Менеджер перерывов остановлен
2025-12-18 05:12:07,294 - core.tracker - INFO - Сессия завершена: 977da6a6-cb88-4b5b-99a9-21a7b0c72888
2025-12-18 05:12:09,298 - core.activity_monitor - INFO - Мониторинг активности запущен
2025-12-18 05:12:09,298 - core.break_manager - INFO - Менеджер перерывов запущен
2025-12-18 05:12:09,298 - core.tracker - INFO - Начата новая сессия: 58081ef6-ec5c-42b4-97c4-6c15aedf43d4
2025-12-18 05:12:14,098 - core.activity_monitor - INFO - Мониторинг активности остановлен
2025-12-18 05:12:14,098 - core.break_manager - INFO - Менеджер перерывов остановлен
2025-12-18 05:12:14,098 - core.tracker - INFO - Сессия завершена: 58081ef6-ec5c-42b4-97c4-6c15aedf43d4
2025-12-18 05:12:14,973 - core.activity_monitor - INFO - Мониторинг активности запущен
2025-12-18 05:12:14,973 - core.break_manager - INFO - Менеджер перерывов запущен
2025-12-18 05:12:14,973 - core.tracker - INFO - Начата новая сессия: f303c24c-5e7c-4e19-892e-f8e1703c3c0a
2025-12-18 05:12:16,135 - core.activity_monitor - INFO - Мониторинг активности остановлен
2025-12-18 05:12:16,135 - core.break_manager - INFO - Менеджер перерывов остановлен
2025-12-18 05:12:16,135 - core.tracker - INFO - Сессия завершена: f303c24c-5e7c-4e19-892e-f8e1703c3c0a
2025-12-18 05:12:16,892 - core.activity_monitor - INFO - Мониторинг активности запущен
2025-12-18 05:12:16,892 - core.break_manager - INFO - Менеджер перерывов запущен
2025-12-18 05:12:16,892 - core.tracker - INFO - Начата новая сессия: aab6935b-6a60-4afd-b81f-d998860abae4
2025-12-18 05:12:17,601 - core.activity_monitor - INFO - Мониторинг активности остановлен
2025-12-18 05:12:17,601 - core.break_manager - INFO - Менеджер перерывов остановлен
2025-12-18 05:12:17,617 - core.tracker - INFO - Сессия завершена: aab6935b-6a60-4afd-b81f-d998860abae4
2025-12-18 05:12:34,827 - main - INFO - Запуск приложения Work Chronometer
2025-12-18 05:12:34,828 - database.db_manager - INFO - База данных инициализирована
2025-12-18 05:12:35,433 - core.activity_monitor - INFO - Мониторинг активности запущен
2025-12-18 05:12:35,433 - core.break_manager - INFO - Менеджер перерывов запущен
2025-12-18 05:12:35,433 - core.tracker - INFO - Начата новая сессия: 446ae8a0-6c02-459e-a29e-f1c06f14bf4e
2025-12-18 05:12:35,531 - main - INFO - Приложение успешно запущено
2025-12-18 05:12:40,526 - core.activity_monitor - INFO - Мониторинг активности остановлен
2025-12-18 05:12:40,526 - core.break_manager - INFO - Менеджер перерывов остановлен
2025-12-18 05:12:40,528 - core.tracker - INFO - Сессия завершена: 446ae8a0-6c02-459e-a29e-f1c06f14bf4e
2025-12-18 05:14:22,328 - main - INFO - Запуск приложения Work Chronometer
2025-12-18 05:14:22,329 - database.db_manager - INFO - База данных инициализирована
2025-12-18 05:14:22,968 - core.activity_monitor - INFO - Мониторинг активности запущен
2025-12-18 05:14:22,968 - core.break_manager - INFO - Менеджер перерывов запущен
2025-12-18 05:14:22,968 - core.tracker - INFO - Начата новая сессия: 88cd46a4-3782-46c7-b48c-7e9b0a3789f8
2025-12-18 05:14:23,060 - main - INFO - Приложение успешно запущено
2025-12-18 05:15:11,588 - main - INFO - Запуск приложения Work Chronometer
2025-12-18 05:15:11,589 - database.db_manager - INFO - База данных инициализирована
2025-12-18 05:15:11,635 - core.tracker - INFO - Восстановлена сессия: 88cd46a4-3782-46c7-b48c-7e9b0a3789f8
2025-12-18 05:15:12,301 - main - INFO - Приложение успешно запущено
2025-12-18 05:15:20,184 - core.activity_monitor - INFO - Мониторинг активности остановлен
2025-12-18 05:15:20,184 - core.break_manager - INFO - Менеджер перерывов остановлен
2025-12-18 05:15:20,185 - core.tracker - INFO - Сессия завершена: 88cd46a4-3782-46c7-b48c-7e9b0a3789f8
2025-12-18 05:15:41,772 - main - INFO - Запуск приложения Work Chronometer
2025-12-18 05:15:41,773 - database.db_manager - INFO - База данных инициализирована
2025-12-18 05:15:42,366 - core.activity_monitor - INFO - Мониторинг активности запущен
2025-12-18 05:15:42,366 - core.break_manager - INFO - Менеджер перерывов запущен
2025-12-18 05:15:42,366 - core.tracker - INFO - Начата новая сессия: 86bf650d-da9e-479e-aa48-f6820c9147a7
2025-12-18 05:15:42,459 - main - INFO - Приложение успешно запущено
2025-12-18 05:15:47,640 - core.activity_monitor - INFO - Мониторинг активности остановлен
2025-12-18 05:15:47,640 - core.break_manager - INFO - Менеджер перерывов остановлен
2025-12-18 05:15:47,642 - core.tracker - INFO - Сессия завершена: 86bf650d-da9e-479e-aa48-f6820c9147a7
2025-12-18 05:16:18,667 - main - INFO - Запуск приложения Work Chronometer
2025-12-18 05:16:18,668 - database.db_manager - INFO - База данных инициализирована
2025-12-18 05:16:19,302 - core.activity_monitor - INFO - Мониторинг активности запущен
2025-12-18 05:16:19,302 - core.break_manager - INFO - Менеджер перерывов запущен
2025-12-18 05:16:19,302 - core.tracker - INFO - Начата новая сессия: ebb8119f-b875-4172-8c09-f1a9675b77ae
2025-12-18 05:16:19,396 - main - INFO - Приложение успешно запущено
2025-12-18 05:17:05,505 - main - INFO - Запуск приложения Work Chronometer
2025-12-18 05:17:05,506 - database.db_manager - INFO - База данных инициализирована
2025-12-18 05:17:05,548 - core.tracker - INFO - Восстановлена сессия: ebb8119f-b875-4172-8c09-f1a9675b77ae
2025-12-18 05:17:06,142 - main - INFO - Приложение успешно запущено
2025-12-18 05:17:09,403 - core.activity_monitor - INFO - Мониторинг активности остановлен
2025-12-18 05:17:09,403 - core.break_manager - INFO - Менеджер перерывов остановлен
2025-12-18 05:17:09,405 - core.tracker - INFO - Сессия завершена: ebb8119f-b875-4172-8c09-f1a9675b77ae
2025-12-18 05:17:34,308 - main - INFO - Запуск приложения Work Chronometer
2025-12-18 05:17:34,309 - database.db_manager - INFO - База данных инициализирована
2025-12-18 05:17:34,915 - core.activity_monitor - INFO - Мониторинг активности запущен
2025-12-18 05:17:34,915 - core.break_manager - INFO - Менеджер перерывов запущен
2025-12-18 05:17:34,915 - core.tracker - INFO - Начата новая сессия: e7152f3b-1f5c-4370-a339-c579d8854e59
2025-12-18 05:17:35,008 - main - INFO - Приложение успешно запущено
2025-12-18 05:17:44,429 - core.activity_monitor - INFO - Мониторинг активности остановлен
2025-12-18 05:17:44,429 - core.break_manager - INFO - Менеджер перерывов остановлен
2025-12-18 05:17:44,431 - core.tracker - INFO - Сессия завершена: e7152f3b-1f5c-4370-a339-c579d8854e59
2025-12-18 05:18:04,265 - main - INFO - Запуск приложения Work Chronometer
2025-12-18 05:18:04,265 - database.db_manager - INFO - База данных инициализирована
2025-12-18 05:18:04,849 - core.activity_monitor - INFO - Мониторинг активности запущен
2025-12-18 05:18:04,849 - core.break_manager - INFO - Менеджер перерывов запущен
2025-12-18 05:18:04,849 - core.tracker - INFO - Начата новая сессия: 995361c6-35ff-4ddc-9d1b-88591f35d37e
2025-12-18 05:18:04,946 - main - INFO - Приложение успешно запущено
2025-12-18 05:18:13,140 - core.activity_monitor - INFO - Мониторинг активности остановлен
2025-12-18 05:18:13,140 - core.break_manager - INFO - Менеджер перерывов остановлен
2025-12-18 05:18:13,143 - core.tracker - INFO - Сессия завершена: 995361c6-35ff-4ddc-9d1b-88591f35d37e
2025-12-18 05:22:33,370 - main - INFO - Запуск приложения Work Chronometer
2025-12-18 05:22:33,371 - database.db_manager - INFO - База данных инициализирована
2025-12-18 05:22:33,996 - core.activity_monitor - INFO - Мониторинг активности запущен
2025-12-18 05:22:33,996 - core.break_manager - INFO - Менеджер перерывов запущен
2025-12-18 05:22:33,996 - core.tracker - INFO - Начата новая сессия: 308d8205-4aeb-48f8-8f8d-79619301a143
2025-12-18 05:22:34,096 - main - INFO - Приложение успешно запущено
2025-12-18 05:23:31,766 - core.activity_monitor - INFO - Мониторинг активности остановлен
2025-12-18 05:23:31,766 - core.break_manager - INFO - Менеджер перерывов остановлен
2025-12-18 05:23:31,774 - core.tracker - INFO - Сессия завершена: 308d8205-4aeb-48f8-8f8d-79619301a143
2025-12-18 05:23:33,803 - core.activity_monitor - INFO - Мониторинг активности запущен
2025-12-18 05:23:33,803 - core.break_manager - INFO - Менеджер перерывов запущен
2025-12-18 05:23:33,803 - core.tracker - INFO - Начата новая сессия: cc3b0805-b74d-430f-b632-b806dc0a0dc3
2025-12-18 05:23:39,528 - core.activity_monitor - INFO - Мониторинг активности остановлен
2025-12-18 05:23:39,528 - core.break_manager - INFO - Менеджер перерывов остановлен
2025-12-18 05:23:39,537 - core.tracker - INFO - Сессия завершена: cc3b0805-b74d-430f-b632-b806dc0a0dc3
2025-12-18 05:23:51,356 - core.activity_monitor - INFO - Мониторинг активности запущен
2025-12-18 05:23:51,356 - core.break_manager - INFO - Менеджер перерывов запущен
2025-12-18 05:23:51,356 - core.tracker - INFO - Начата новая сессия: e985e4cf-9e7c-46ec-84c4-17f8ad9fef36
2025-12-18 05:23:53,067 - core.activity_monitor - INFO - Мониторинг активности остановлен
2025-12-18 05:23:53,067 - core.break_manager - INFO - Менеджер перерывов остановлен
2025-12-18 05:23:53,076 - core.tracker - INFO - Сессия завершена: e985e4cf-9e7c-46ec-84c4-17f8ad9fef36
2025-12-18 05:24:23,412 - main - INFO - Запуск приложения Work Chronometer
2025-12-18 05:24:23,413 - database.db_manager - INFO - База данных инициализирована
2025-12-18 05:24:24,001 - core.activity_monitor - INFO - Мониторинг активности запущен
2025-12-18 05:24:24,001 - core.break_manager - INFO - Менеджер перерывов запущен
2025-12-18 05:24:24,001 - core.tracker - INFO - Начата новая сессия: 65d16dea-b7fd-4a20-a235-22ceef3f2c2a
2025-12-18 05:24:24,104 - main - INFO - Приложение успешно запущено
2025-12-18 05:24:28,773 - utils.config - INFO - Настройки сохранены
